<?xml version="1.0" encoding="UTF-8"?>
<testng-results skipped="0" failed="0" ignored="1" total="3" passed="2">
  <reporter-output>
  </reporter-output>
  <suite name="Default suite" duration-ms="28951" started-at="2020-04-13T20:40:28 IST" finished-at="2020-04-13T20:40:57 IST">
    <groups>
    </groups>
    <test name="Default test" duration-ms="28951" started-at="2020-04-13T20:40:28 IST" finished-at="2020-04-13T20:40:57 IST">
      <class name="com.qa.wave1.TestApp">
        <test-method status="PASS" signature="EncriptPassword()[pri:0, instance:com.qa.wave1.TestApp@131276c2]" name="EncriptPassword" is-config="true" duration-ms="443" started-at="2020-04-13T20:40:27 IST" finished-at="2020-04-13T20:40:28 IST">
          <reporter-output>
          </reporter-output>
        </test-method> <!-- EncriptPassword -->
        <test-method status="PASS" signature="beforeTest()[pri:0, instance:com.qa.wave1.TestApp@131276c2]" name="beforeTest" is-config="true" duration-ms="10665" started-at="2020-04-13T20:40:28 IST" finished-at="2020-04-13T20:40:38 IST">
          <reporter-output>
          </reporter-output>
        </test-method> <!-- beforeTest -->
        <test-method status="PASS" signature="Filkart_05_Web_ValidateCredntails()[pri:0, instance:com.qa.wave1.TestApp@131276c2]" name="Filkart_05_Web_ValidateCredntails" duration-ms="4997" started-at="2020-04-13T20:40:38 IST" finished-at="2020-04-13T20:40:43 IST">
          <reporter-output>
          </reporter-output>
        </test-method> <!-- Filkart_05_Web_ValidateCredntails -->
        <test-method status="PASS" signature="Filkart_03_Web_ValidatemenuItems()[pri:1, instance:com.qa.wave1.TestApp@131276c2]" name="Filkart_03_Web_ValidatemenuItems" duration-ms="12360" started-at="2020-04-13T20:40:43 IST" finished-at="2020-04-13T20:40:56 IST">
          <reporter-output>
          </reporter-output>
        </test-method> <!-- Filkart_03_Web_ValidatemenuItems -->
        <test-method status="PASS" signature="afterTest()[pri:0, instance:com.qa.wave1.TestApp@131276c2]" name="afterTest" is-config="true" duration-ms="818" started-at="2020-04-13T20:40:56 IST" finished-at="2020-04-13T20:40:57 IST">
          <reporter-output>
          </reporter-output>
        </test-method> <!-- afterTest -->
      </class> <!-- com.qa.wave1.TestApp -->
    </test> <!-- Default test -->
  </suite> <!-- Default suite -->
</testng-results>
