<?xml version="1.0" encoding="UTF-8"?>
<testng-results skipped="0" failed="0" ignored="0" total="6" passed="6">
  <reporter-output>
  </reporter-output>
  <suite name="Default suite" duration-ms="121792" started-at="2020-04-14T16:12:31 IST" finished-at="2020-04-14T16:14:33 IST">
    <groups>
    </groups>
    <test name="Default test" duration-ms="121792" started-at="2020-04-14T16:12:31 IST" finished-at="2020-04-14T16:14:33 IST">
      <class name="com.qa.wave1.GDLPdevTest">
        <test-method status="PASS" signature="EncriptPassword()[pri:0, instance:com.qa.wave1.GDLPdevTest@131276c2]" name="EncriptPassword" is-config="true" duration-ms="315" started-at="2020-04-14T16:12:31 IST" finished-at="2020-04-14T16:12:31 IST">
          <reporter-output>
          </reporter-output>
        </test-method> <!-- EncriptPassword -->
        <test-method status="PASS" signature="beforeMethod()[pri:0, instance:com.qa.wave1.GDLPdevTest@131276c2]" name="beforeMethod" is-config="true" duration-ms="4305" started-at="2020-04-14T16:12:31 IST" finished-at="2020-04-14T16:12:36 IST">
          <reporter-output>
          </reporter-output>
        </test-method> <!-- beforeMethod -->
        <test-method status="PASS" signature="GDLP_TC01_Web_login_verifyserver()[pri:1, instance:com.qa.wave1.GDLPdevTest@131276c2]" name="GDLP_TC01_Web_login_verifyserver" duration-ms="8159" started-at="2020-04-14T16:12:36 IST" finished-at="2020-04-14T16:12:44 IST">
          <reporter-output>
          </reporter-output>
        </test-method> <!-- GDLP_TC01_Web_login_verifyserver -->
        <test-method status="PASS" signature="GDLP_TC02_Web_create_policy()[pri:2, instance:com.qa.wave1.GDLPdevTest@131276c2]" name="GDLP_TC02_Web_create_policy" duration-ms="28772" started-at="2020-04-14T16:12:44 IST" finished-at="2020-04-14T16:13:13 IST">
          <reporter-output>
          </reporter-output>
        </test-method> <!-- GDLP_TC02_Web_create_policy -->
        <test-method status="PASS" signature="GDLP_TC03_Web_edit_rule()[pri:3, instance:com.qa.wave1.GDLPdevTest@131276c2]" name="GDLP_TC03_Web_edit_rule" duration-ms="20057" started-at="2020-04-14T16:13:13 IST" finished-at="2020-04-14T16:13:33 IST">
          <reporter-output>
          </reporter-output>
        </test-method> <!-- GDLP_TC03_Web_edit_rule -->
        <test-method status="PASS" signature="GDLP_TC04_Web_create_target()[pri:4, instance:com.qa.wave1.GDLPdevTest@131276c2]" name="GDLP_TC04_Web_create_target" duration-ms="36758" started-at="2020-04-14T16:13:33 IST" finished-at="2020-04-14T16:14:10 IST">
          <reporter-output>
          </reporter-output>
        </test-method> <!-- GDLP_TC04_Web_create_target -->
        <test-method status="PASS" signature="GDLP_TC05_Web_scan_target()[pri:5, instance:com.qa.wave1.GDLPdevTest@131276c2]" name="GDLP_TC05_Web_scan_target" duration-ms="11089" started-at="2020-04-14T16:14:10 IST" finished-at="2020-04-14T16:14:21 IST">
          <reporter-output>
          </reporter-output>
        </test-method> <!-- GDLP_TC05_Web_scan_target -->
        <test-method status="PASS" signature="GDLP_TC06_Web_view_incidents()[pri:6, instance:com.qa.wave1.GDLPdevTest@131276c2]" name="GDLP_TC06_Web_view_incidents" duration-ms="11010" started-at="2020-04-14T16:14:21 IST" finished-at="2020-04-14T16:14:32 IST">
          <reporter-output>
          </reporter-output>
        </test-method> <!-- GDLP_TC06_Web_view_incidents -->
        <test-method status="PASS" signature="afterMethod()[pri:0, instance:com.qa.wave1.GDLPdevTest@131276c2]" name="afterMethod" is-config="true" duration-ms="1575" started-at="2020-04-14T16:14:32 IST" finished-at="2020-04-14T16:14:33 IST">
          <reporter-output>
          </reporter-output>
        </test-method> <!-- afterMethod -->
      </class> <!-- com.qa.wave1.GDLPdevTest -->
    </test> <!-- Default test -->
  </suite> <!-- Default suite -->
</testng-results>
